Compilation failed:
    source file: '/home/andreas/MEGA/projects/set_check/SetFinderWeb/OpenCV.js/opencv-4.10.0/platforms/js/build_wasm/CMakeFiles/CMakeTmp/src.cxx'
    check option: ' -fsigned-char -W -Wall -Wreturn-type -Wnon-virtual-dtor -Waddress -Wsequence-point -Wformat -Wformat-security -Wmissing-declarations -Wmissing-prototypes -Wstrict-prototypes -Wundef -Winit-self -Wpointer-arith -Wshadow -Wsign-promo -Wuninitialized -Winconsistent-missing-override -Wno-delete-non-virtual-dtor -Wno-unnamed-type-template-args -Wno-comment -Wno-deprecated-enum-enum-conversion -Wno-deprecated-anon-enum-enum-conversion -fdiagnostics-show-option -Qunused-arguments -ffunction-sections -fdata-sections   -mfpmath=387'
===== BUILD LOG =====
Change Dir: '/home/andreas/MEGA/projects/set_check/SetFinderWeb/OpenCV.js/opencv-4.10.0/platforms/js/build_wasm/CMakeFiles/CMakeTmp'

Run Build Command(s): /usr/bin/cmake -E env VERBOSE=1 /usr/bin/gmake -f Makefile cmTC_afcd0/fast
/usr/bin/gmake  -f CMakeFiles/cmTC_afcd0.dir/build.make CMakeFiles/cmTC_afcd0.dir/build
gmake[1]: Går til katalog "/home/andreas/MEGA/projects/set_check/SetFinderWeb/OpenCV.js/opencv-4.10.0/platforms/js/build_wasm/CMakeFiles/CMakeTmp"
Building CXX object CMakeFiles/cmTC_afcd0.dir/src.cxx.o
/home/andreas/MEGA/projects/set_check/SetFinderWeb/OpenCV.js/emsdk/upstream/emscripten/em++   -s WASM=1 -s SINGLE_FILE=1 -s USE_PTHREADS=0 -s EXPORTED_FUNCTIONS="['_malloc', '_free']"  -O3 -DNDEBUG -std=c++11    -fsigned-char -W -Wall -Wreturn-type -Wnon-virtual-dtor -Waddress -Wsequence-point -Wformat -Wformat-security -Wmissing-declarations -Wmissing-prototypes -Wstrict-prototypes -Wundef -Winit-self -Wpointer-arith -Wshadow -Wsign-promo -Wuninitialized -Winconsistent-missing-override -Wno-delete-non-virtual-dtor -Wno-unnamed-type-template-args -Wno-comment -Wno-deprecated-enum-enum-conversion -Wno-deprecated-anon-enum-enum-conversion -fdiagnostics-show-option -Qunused-arguments -ffunction-sections -fdata-sections   -mfpmath=387 -MD -MT CMakeFiles/cmTC_afcd0.dir/src.cxx.o -MF CMakeFiles/cmTC_afcd0.dir/src.cxx.o.d -o CMakeFiles/cmTC_afcd0.dir/src.cxx.o -c /home/andreas/MEGA/projects/set_check/SetFinderWeb/OpenCV.js/opencv-4.10.0/platforms/js/build_wasm/CMakeFiles/CMakeTmp/src.cxx
em++: warning: linker setting ignored during compilation: 'WASM' [-Wunused-command-line-argument]
em++: warning: linker setting ignored during compilation: 'SINGLE_FILE' [-Wunused-command-line-argument]
em++: warning: linker setting ignored during compilation: 'EXPORTED_FUNCTIONS' [-Wunused-command-line-argument]
error: unknown FP unit '387'
gmake[1]: *** [CMakeFiles/cmTC_afcd0.dir/build.make:79: CMakeFiles/cmTC_afcd0.dir/src.cxx.o] Fejl 1
gmake[1]: Forlader katalog "/home/andreas/MEGA/projects/set_check/SetFinderWeb/OpenCV.js/opencv-4.10.0/platforms/js/build_wasm/CMakeFiles/CMakeTmp"
gmake: *** [Makefile:127: cmTC_afcd0/fast] Fejl 2


===== END =====

Compilation failed:
    source file: '/home/andreas/MEGA/projects/set_check/SetFinderWeb/OpenCV.js/opencv-4.10.0/platforms/js/build_wasm/CMakeFiles/CMakeTmp/src.c'
    check option: ' -fsigned-char -W -Wall -Wreturn-type -Wnon-virtual-dtor -Waddress -Wsequence-point -Wformat -Wformat-security -Wmissing-declarations -Wmissing-prototypes -Wstrict-prototypes -Wundef -Winit-self -Wpointer-arith -Wshadow -Wsign-promo -Wuninitialized -Winconsistent-missing-override -Wno-delete-non-virtual-dtor -Wno-unnamed-type-template-args -Wno-comment -Wno-deprecated-enum-enum-conversion -Wno-deprecated-anon-enum-enum-conversion -fdiagnostics-show-option -Qunused-arguments -ffunction-sections -fdata-sections   -mfpmath=387'
===== BUILD LOG =====
Change Dir: '/home/andreas/MEGA/projects/set_check/SetFinderWeb/OpenCV.js/opencv-4.10.0/platforms/js/build_wasm/CMakeFiles/CMakeTmp'

Run Build Command(s): /usr/bin/cmake -E env VERBOSE=1 /usr/bin/gmake -f Makefile cmTC_21585/fast
/usr/bin/gmake  -f CMakeFiles/cmTC_21585.dir/build.make CMakeFiles/cmTC_21585.dir/build
gmake[1]: Går til katalog "/home/andreas/MEGA/projects/set_check/SetFinderWeb/OpenCV.js/opencv-4.10.0/platforms/js/build_wasm/CMakeFiles/CMakeTmp"
Building C object CMakeFiles/cmTC_21585.dir/src.c.o
/home/andreas/MEGA/projects/set_check/SetFinderWeb/OpenCV.js/emsdk/upstream/emscripten/emcc   -s WASM=1 -s SINGLE_FILE=1 -s USE_PTHREADS=0 -s EXPORTED_FUNCTIONS="['_malloc', '_free']"  -O3 -DNDEBUG    -fsigned-char -W -Wall -Wreturn-type -Wnon-virtual-dtor -Waddress -Wsequence-point -Wformat -Wformat-security -Wmissing-declarations -Wmissing-prototypes -Wstrict-prototypes -Wundef -Winit-self -Wpointer-arith -Wshadow -Wsign-promo -Wuninitialized -Winconsistent-missing-override -Wno-delete-non-virtual-dtor -Wno-unnamed-type-template-args -Wno-comment -Wno-deprecated-enum-enum-conversion -Wno-deprecated-anon-enum-enum-conversion -fdiagnostics-show-option -Qunused-arguments -ffunction-sections -fdata-sections   -mfpmath=387 -MD -MT CMakeFiles/cmTC_21585.dir/src.c.o -MF CMakeFiles/cmTC_21585.dir/src.c.o.d -o CMakeFiles/cmTC_21585.dir/src.c.o -c /home/andreas/MEGA/projects/set_check/SetFinderWeb/OpenCV.js/opencv-4.10.0/platforms/js/build_wasm/CMakeFiles/CMakeTmp/src.c
emcc: warning: linker setting ignored during compilation: 'WASM' [-Wunused-command-line-argument]
emcc: warning: linker setting ignored during compilation: 'SINGLE_FILE' [-Wunused-command-line-argument]
emcc: warning: linker setting ignored during compilation: 'EXPORTED_FUNCTIONS' [-Wunused-command-line-argument]
error: unknown FP unit '387'
gmake[1]: *** [CMakeFiles/cmTC_21585.dir/build.make:79: CMakeFiles/cmTC_21585.dir/src.c.o] Fejl 1
gmake[1]: Forlader katalog "/home/andreas/MEGA/projects/set_check/SetFinderWeb/OpenCV.js/opencv-4.10.0/platforms/js/build_wasm/CMakeFiles/CMakeTmp"
gmake: *** [Makefile:127: cmTC_21585/fast] Fejl 2


===== END =====

Compilation failed:
    source file: '/home/andreas/MEGA/projects/set_check/SetFinderWeb/OpenCV.js/opencv-4.10.0/platforms/js/build_wasm/CMakeFiles/CMakeTmp/src.cxx'
    check option: ''
===== BUILD LOG =====
Change Dir: '/home/andreas/MEGA/projects/set_check/SetFinderWeb/OpenCV.js/opencv-4.10.0/platforms/js/build_wasm/CMakeFiles/CMakeTmp'

Run Build Command(s): /usr/bin/cmake -E env VERBOSE=1 /usr/bin/gmake -f Makefile cmTC_e5265/fast
/usr/bin/gmake  -f CMakeFiles/cmTC_e5265.dir/build.make CMakeFiles/cmTC_e5265.dir/build
gmake[1]: Går til katalog "/home/andreas/MEGA/projects/set_check/SetFinderWeb/OpenCV.js/opencv-4.10.0/platforms/js/build_wasm/CMakeFiles/CMakeTmp"
Building CXX object CMakeFiles/cmTC_e5265.dir/src.cxx.o
/home/andreas/MEGA/projects/set_check/SetFinderWeb/OpenCV.js/emsdk/upstream/emscripten/em++   -s WASM=1 -s SINGLE_FILE=1 -s USE_PTHREADS=0 -s EXPORTED_FUNCTIONS="['_malloc', '_free']"  -O3 -DNDEBUG -std=c++11 -MD -MT CMakeFiles/cmTC_e5265.dir/src.cxx.o -MF CMakeFiles/cmTC_e5265.dir/src.cxx.o.d -o CMakeFiles/cmTC_e5265.dir/src.cxx.o -c /home/andreas/MEGA/projects/set_check/SetFinderWeb/OpenCV.js/opencv-4.10.0/platforms/js/build_wasm/CMakeFiles/CMakeTmp/src.cxx
em++: warning: linker setting ignored during compilation: 'WASM' [-Wunused-command-line-argument]
em++: warning: linker setting ignored during compilation: 'SINGLE_FILE' [-Wunused-command-line-argument]
em++: warning: linker setting ignored during compilation: 'EXPORTED_FUNCTIONS' [-Wunused-command-line-argument]
Linking CXX executable cmTC_e5265.js
/usr/bin/cmake -E cmake_link_script CMakeFiles/cmTC_e5265.dir/link.txt --verbose=1
/home/andreas/MEGA/projects/set_check/SetFinderWeb/OpenCV.js/emsdk/upstream/emscripten/em++ -s WASM=1 -s SINGLE_FILE=1 -s USE_PTHREADS=0 -s EXPORTED_FUNCTIONS="['_malloc', '_free']"  -O3 -DNDEBUG  -Wl,--no-undefined  @CMakeFiles/cmTC_e5265.dir/objects1.rsp -o cmTC_e5265.js 
wasm-ld: error: unknown argument: --no-undefined
em++: error: '/home/andreas/MEGA/projects/set_check/SetFinderWeb/OpenCV.js/emsdk/upstream/bin/wasm-ld -o /tmp/emscripten_temp_h1ewp755/cmTC_e5265.wasm --no-undefined -L/home/andreas/MEGA/projects/set_check/SetFinderWeb/OpenCV.js/emsdk/upstream/emscripten/cache/sysroot/lib/wasm32-emscripten CMakeFiles/cmTC_e5265.dir/src.cxx.o -lGL-getprocaddr -lal -lhtml5 -lstubs -lnoexit -lc -ldlmalloc -lcompiler_rt -lc++-noexcept -lc++abi-noexcept -lsockets -mllvm -combiner-global-alias-analysis=false -mllvm -enable-emscripten-sjlj -mllvm -disable-lsr /tmp/tmptzypygt_libemscripten_js_symbols.so --strip-debug --export=malloc --export=free --export=_emscripten_stack_alloc --export=__get_temp_ret --export=__set_temp_ret --export=__wasm_call_ctors --export=emscripten_stack_get_current --export=_emscripten_stack_restore --export-if-defined=__start_em_asm --export-if-defined=__stop_em_asm --export-if-defined=__start_em_lib_deps --export-if-defined=__stop_em_lib_deps --export-if-defined=__start_em_js --export-if-defined=__stop_em_js --export-table -z stack-size=65536 --no-growable-memory --initial-heap=16777216 --no-entry --table-base=1 --global-base=1024' failed (returned 1)
gmake[1]: *** [CMakeFiles/cmTC_e5265.dir/build.make:101: cmTC_e5265.js] Fejl 1
gmake[1]: Forlader katalog "/home/andreas/MEGA/projects/set_check/SetFinderWeb/OpenCV.js/opencv-4.10.0/platforms/js/build_wasm/CMakeFiles/CMakeTmp"
gmake: *** [Makefile:127: cmTC_e5265/fast] Fejl 2


===== END =====

Determining size of off64_t failed with the following output:
Change Dir: '/home/andreas/MEGA/projects/set_check/SetFinderWeb/OpenCV.js/opencv-4.10.0/platforms/js/build_wasm/CMakeFiles/CMakeTmp'

Run Build Command(s): /usr/bin/cmake -E env VERBOSE=1 /usr/bin/gmake -f Makefile cmTC_6c941/fast
/usr/bin/gmake  -f CMakeFiles/cmTC_6c941.dir/build.make CMakeFiles/cmTC_6c941.dir/build
gmake[1]: Går til katalog "/home/andreas/MEGA/projects/set_check/SetFinderWeb/OpenCV.js/opencv-4.10.0/platforms/js/build_wasm/CMakeFiles/CMakeTmp"
Building C object CMakeFiles/cmTC_6c941.dir/OFF64_T.c.o
/home/andreas/MEGA/projects/set_check/SetFinderWeb/OpenCV.js/emsdk/upstream/emscripten/emcc   -s WASM=1 -s SINGLE_FILE=1 -s USE_PTHREADS=0 -s EXPORTED_FUNCTIONS="['_malloc', '_free']"   -fsigned-char -W -Wall -Wreturn-type -Wnon-virtual-dtor -Waddress -Wsequence-point -Wformat -Wformat-security -Wmissing-declarations -Wmissing-prototypes -Wstrict-prototypes -Wundef -Winit-self -Wpointer-arith -Wshadow -Wsign-promo -Wuninitialized -Winconsistent-missing-override -Wno-delete-non-virtual-dtor -Wno-unnamed-type-template-args -Wno-comment -Wno-deprecated-enum-enum-conversion -Wno-deprecated-anon-enum-enum-conversion -fdiagnostics-show-option -Qunused-arguments -ffunction-sections -fdata-sections  -fvisibility=hidden -fvisibility-inlines-hidden  -O3 -DNDEBUG  -DNDEBUG -MD -MT CMakeFiles/cmTC_6c941.dir/OFF64_T.c.o -MF CMakeFiles/cmTC_6c941.dir/OFF64_T.c.o.d -o CMakeFiles/cmTC_6c941.dir/OFF64_T.c.o -c /home/andreas/MEGA/projects/set_check/SetFinderWeb/OpenCV.js/opencv-4.10.0/platforms/js/build_wasm/CMakeFiles/CheckTypeSize/OFF64_T.c
emcc: warning: linker setting ignored during compilation: 'WASM' [-Wunused-command-line-argument]
emcc: warning: linker setting ignored during compilation: 'SINGLE_FILE' [-Wunused-command-line-argument]
emcc: warning: linker setting ignored during compilation: 'EXPORTED_FUNCTIONS' [-Wunused-command-line-argument]
/home/andreas/MEGA/projects/set_check/SetFinderWeb/OpenCV.js/opencv-4.10.0/platforms/js/build_wasm/CMakeFiles/CheckTypeSize/OFF64_T.c:25:12: error: use of undeclared identifier 'off64_t'
   25 |   ('0' + ((SIZE / 10000)%10)),
      |            ^
/home/andreas/MEGA/projects/set_check/SetFinderWeb/OpenCV.js/opencv-4.10.0/platforms/js/build_wasm/CMakeFiles/CheckTypeSize/OFF64_T.c:23:22: note: expanded from macro 'SIZE'
   23 | #define SIZE (sizeof(off64_t))
      |                      ^
/home/andreas/MEGA/projects/set_check/SetFinderWeb/OpenCV.js/opencv-4.10.0/platforms/js/build_wasm/CMakeFiles/CheckTypeSize/OFF64_T.c:26:12: error: use of undeclared identifier 'off64_t'
   26 |   ('0' + ((SIZE / 1000)%10)),
      |            ^
/home/andreas/MEGA/projects/set_check/SetFinderWeb/OpenCV.js/opencv-4.10.0/platforms/js/build_wasm/CMakeFiles/CheckTypeSize/OFF64_T.c:23:22: note: expanded from macro 'SIZE'
   23 | #define SIZE (sizeof(off64_t))
      |                      ^
/home/andreas/MEGA/projects/set_check/SetFinderWeb/OpenCV.js/opencv-4.10.0/platforms/js/build_wasm/CMakeFiles/CheckTypeSize/OFF64_T.c:27:12: error: use of undeclared identifier 'off64_t'
   27 |   ('0' + ((SIZE / 100)%10)),
      |            ^
/home/andreas/MEGA/projects/set_check/SetFinderWeb/OpenCV.js/opencv-4.10.0/platforms/js/build_wasm/CMakeFiles/CheckTypeSize/OFF64_T.c:23:22: note: expanded from macro 'SIZE'
   23 | #define SIZE (sizeof(off64_t))
      |                      ^
/home/andreas/MEGA/projects/set_check/SetFinderWeb/OpenCV.js/opencv-4.10.0/platforms/js/build_wasm/CMakeFiles/CheckTypeSize/OFF64_T.c:28:12: error: use of undeclared identifier 'off64_t'
   28 |   ('0' + ((SIZE / 10)%10)),
      |            ^
/home/andreas/MEGA/projects/set_check/SetFinderWeb/OpenCV.js/opencv-4.10.0/platforms/js/build_wasm/CMakeFiles/CheckTypeSize/OFF64_T.c:23:22: note: expanded from macro 'SIZE'
   23 | #define SIZE (sizeof(off64_t))
      |                      ^
/home/andreas/MEGA/projects/set_check/SetFinderWeb/OpenCV.js/opencv-4.10.0/platforms/js/build_wasm/CMakeFiles/CheckTypeSize/OFF64_T.c:29:12: error: use of undeclared identifier 'off64_t'
   29 |   ('0' +  (SIZE    % 10)),
      |            ^
/home/andreas/MEGA/projects/set_check/SetFinderWeb/OpenCV.js/opencv-4.10.0/platforms/js/build_wasm/CMakeFiles/CheckTypeSize/OFF64_T.c:23:22: note: expanded from macro 'SIZE'
   23 | #define SIZE (sizeof(off64_t))
      |                      ^
5 errors generated.
gmake[1]: *** [CMakeFiles/cmTC_6c941.dir/build.make:79: CMakeFiles/cmTC_6c941.dir/OFF64_T.c.o] Fejl 1
gmake[1]: Forlader katalog "/home/andreas/MEGA/projects/set_check/SetFinderWeb/OpenCV.js/opencv-4.10.0/platforms/js/build_wasm/CMakeFiles/CMakeTmp"
gmake: *** [Makefile:127: cmTC_6c941/fast] Fejl 2


/home/andreas/MEGA/projects/set_check/SetFinderWeb/OpenCV.js/opencv-4.10.0/platforms/js/build_wasm/CMakeFiles/CheckTypeSize/OFF64_T.c:
#include <sys/types.h>
#include <stdint.h>
#include <stddef.h>


#undef KEY
#if defined(__i386)
# define KEY '_','_','i','3','8','6'
#elif defined(__x86_64)
# define KEY '_','_','x','8','6','_','6','4'
#elif defined(__ppc__)
# define KEY '_','_','p','p','c','_','_'
#elif defined(__ppc64__)
# define KEY '_','_','p','p','c','6','4','_','_'
#elif defined(__aarch64__)
# define KEY '_','_','a','a','r','c','h','6','4','_','_'
#elif defined(__ARM_ARCH_7A__)
# define KEY '_','_','A','R','M','_','A','R','C','H','_','7','A','_','_'
#elif defined(__ARM_ARCH_7S__)
# define KEY '_','_','A','R','M','_','A','R','C','H','_','7','S','_','_'
#endif

#define SIZE (sizeof(off64_t))
char info_size[] =  {'I', 'N', 'F', 'O', ':', 's','i','z','e','[',
  ('0' + ((SIZE / 10000)%10)),
  ('0' + ((SIZE / 1000)%10)),
  ('0' + ((SIZE / 100)%10)),
  ('0' + ((SIZE / 10)%10)),
  ('0' +  (SIZE    % 10)),
  ']',
#ifdef KEY
  ' ','k','e','y','[', KEY, ']',
#endif
  '\0'};

#ifdef __CLASSIC_C__
int main(argc, argv) int argc; char *argv[];
#else
int main(int argc, char *argv[])
#endif
{
  int require = 0;
  require += info_size[argc];
  (void)argv;
  return require;
}


Build output check failed:
    Regex: 'unknown .*option'
    Output line: 'warning: unknown warning option '-Wno-stringop-overflow', did you mean '-Wno-shift-overflow'? [-Wunknown-warning-option]'
Compilation failed:
    source file: '/home/andreas/MEGA/projects/set_check/SetFinderWeb/OpenCV.js/opencv-4.10.0/platforms/js/build_wasm/CMakeFiles/CMakeTmp/src.cxx'
    check option: ' -Wno-stringop-overflow'
===== BUILD LOG =====
Change Dir: '/home/andreas/MEGA/projects/set_check/SetFinderWeb/OpenCV.js/opencv-4.10.0/platforms/js/build_wasm/CMakeFiles/CMakeTmp'

Run Build Command(s): /usr/bin/cmake -E env VERBOSE=1 /usr/bin/gmake -f Makefile cmTC_29792/fast
/usr/bin/gmake  -f CMakeFiles/cmTC_29792.dir/build.make CMakeFiles/cmTC_29792.dir/build
gmake[1]: Går til katalog "/home/andreas/MEGA/projects/set_check/SetFinderWeb/OpenCV.js/opencv-4.10.0/platforms/js/build_wasm/CMakeFiles/CMakeTmp"
Building CXX object CMakeFiles/cmTC_29792.dir/src.cxx.o
/home/andreas/MEGA/projects/set_check/SetFinderWeb/OpenCV.js/emsdk/upstream/emscripten/em++   -s WASM=1 -s SINGLE_FILE=1 -s USE_PTHREADS=0 -s EXPORTED_FUNCTIONS="['_malloc', '_free']"   -fsigned-char -W -Wall -Wreturn-type -Wnon-virtual-dtor -Waddress -Wsequence-point -Wformat -Wformat-security -Wstrict-prototypes -Winit-self -Wpointer-arith -Wuninitialized -Wno-delete-non-virtual-dtor -Wno-unnamed-type-template-args -Wno-comment -Wno-deprecated-enum-enum-conversion -Wno-deprecated-anon-enum-enum-conversion -fdiagnostics-show-option -Qunused-arguments -ffunction-sections -fdata-sections  -fvisibility=hidden -fvisibility-inlines-hidden -Wno-deprecated -Wno-missing-prototypes -Wno-missing-declarations -Wno-shadow -Wno-unused-parameter -Wno-unused-local-typedefs -Wno-sign-compare -Wno-sign-promo -Wno-undef -Wno-tautological-undefined-compare -Wno-ignored-qualifiers -Wno-extra -Wno-unused-function -Wno-unused-const-variable -Wno-shorten-64-to-32 -Wno-invalid-offsetof -Wno-enum-compare-switch -Wno-suggest-override -Wno-inconsistent-missing-override -Wno-implicit-fallthrough -Wno-array-bounds  -O3 -DNDEBUG  -DNDEBUG -std=c++11    -Wno-stringop-overflow -MD -MT CMakeFiles/cmTC_29792.dir/src.cxx.o -MF CMakeFiles/cmTC_29792.dir/src.cxx.o.d -o CMakeFiles/cmTC_29792.dir/src.cxx.o -c /home/andreas/MEGA/projects/set_check/SetFinderWeb/OpenCV.js/opencv-4.10.0/platforms/js/build_wasm/CMakeFiles/CMakeTmp/src.cxx
em++: warning: linker setting ignored during compilation: 'WASM' [-Wunused-command-line-argument]
em++: warning: linker setting ignored during compilation: 'SINGLE_FILE' [-Wunused-command-line-argument]
em++: warning: linker setting ignored during compilation: 'EXPORTED_FUNCTIONS' [-Wunused-command-line-argument]
warning: unknown warning option '-Wno-stringop-overflow'; did you mean '-Wno-shift-overflow'? [-Wunknown-warning-option]
/home/andreas/MEGA/projects/set_check/SetFinderWeb/OpenCV.js/opencv-4.10.0/platforms/js/build_wasm/CMakeFiles/CMakeTmp/src.cxx:1:8: warning: unknown pragma ignored [-Wunknown-pragmas]
    1 | #pragma
      |        ^
2 warnings generated.
Linking CXX executable cmTC_29792.js
/usr/bin/cmake -E cmake_link_script CMakeFiles/cmTC_29792.dir/link.txt --verbose=1
/home/andreas/MEGA/projects/set_check/SetFinderWeb/OpenCV.js/emsdk/upstream/emscripten/em++ -s WASM=1 -s SINGLE_FILE=1 -s USE_PTHREADS=0 -s EXPORTED_FUNCTIONS="['_malloc', '_free']"   -fsigned-char -W -Wall -Wreturn-type -Wnon-virtual-dtor -Waddress -Wsequence-point -Wformat -Wformat-security -Wstrict-prototypes -Winit-self -Wpointer-arith -Wuninitialized -Wno-delete-non-virtual-dtor -Wno-unnamed-type-template-args -Wno-comment -Wno-deprecated-enum-enum-conversion -Wno-deprecated-anon-enum-enum-conversion -fdiagnostics-show-option -Qunused-arguments -ffunction-sections -fdata-sections  -fvisibility=hidden -fvisibility-inlines-hidden -Wno-deprecated -Wno-missing-prototypes -Wno-missing-declarations -Wno-shadow -Wno-unused-parameter -Wno-unused-local-typedefs -Wno-sign-compare -Wno-sign-promo -Wno-undef -Wno-tautological-undefined-compare -Wno-ignored-qualifiers -Wno-extra -Wno-unused-function -Wno-unused-const-variable -Wno-shorten-64-to-32 -Wno-invalid-offsetof -Wno-enum-compare-switch -Wno-suggest-override -Wno-inconsistent-missing-override -Wno-implicit-fallthrough -Wno-array-bounds  -O3 -DNDEBUG  -DNDEBUG   -Wl,--gc-sections  @CMakeFiles/cmTC_29792.dir/objects1.rsp -o cmTC_29792.js 
gmake[1]: Forlader katalog "/home/andreas/MEGA/projects/set_check/SetFinderWeb/OpenCV.js/opencv-4.10.0/platforms/js/build_wasm/CMakeFiles/CMakeTmp"


===== END =====

Build output check failed:
    Regex: 'unknown .*option'
    Output line: 'warning: unknown warning option '-Wno-stringop-overread' [-Wunknown-warning-option]'
Compilation failed:
    source file: '/home/andreas/MEGA/projects/set_check/SetFinderWeb/OpenCV.js/opencv-4.10.0/platforms/js/build_wasm/CMakeFiles/CMakeTmp/src.cxx'
    check option: ' -Wno-stringop-overread'
===== BUILD LOG =====
Change Dir: '/home/andreas/MEGA/projects/set_check/SetFinderWeb/OpenCV.js/opencv-4.10.0/platforms/js/build_wasm/CMakeFiles/CMakeTmp'

Run Build Command(s): /usr/bin/cmake -E env VERBOSE=1 /usr/bin/gmake -f Makefile cmTC_5296c/fast
/usr/bin/gmake  -f CMakeFiles/cmTC_5296c.dir/build.make CMakeFiles/cmTC_5296c.dir/build
gmake[1]: Går til katalog "/home/andreas/MEGA/projects/set_check/SetFinderWeb/OpenCV.js/opencv-4.10.0/platforms/js/build_wasm/CMakeFiles/CMakeTmp"
Building CXX object CMakeFiles/cmTC_5296c.dir/src.cxx.o
/home/andreas/MEGA/projects/set_check/SetFinderWeb/OpenCV.js/emsdk/upstream/emscripten/em++   -s WASM=1 -s SINGLE_FILE=1 -s USE_PTHREADS=0 -s EXPORTED_FUNCTIONS="['_malloc', '_free']"   -fsigned-char -W -Wall -Wreturn-type -Wnon-virtual-dtor -Waddress -Wsequence-point -Wformat -Wformat-security -Wstrict-prototypes -Winit-self -Wpointer-arith -Wuninitialized -Wno-delete-non-virtual-dtor -Wno-unnamed-type-template-args -Wno-comment -Wno-deprecated-enum-enum-conversion -Wno-deprecated-anon-enum-enum-conversion -fdiagnostics-show-option -Qunused-arguments -ffunction-sections -fdata-sections  -fvisibility=hidden -fvisibility-inlines-hidden -Wno-deprecated -Wno-missing-prototypes -Wno-missing-declarations -Wno-shadow -Wno-unused-parameter -Wno-unused-local-typedefs -Wno-sign-compare -Wno-sign-promo -Wno-undef -Wno-tautological-undefined-compare -Wno-ignored-qualifiers -Wno-extra -Wno-unused-function -Wno-unused-const-variable -Wno-shorten-64-to-32 -Wno-invalid-offsetof -Wno-enum-compare-switch -Wno-suggest-override -Wno-inconsistent-missing-override -Wno-implicit-fallthrough -Wno-array-bounds  -O3 -DNDEBUG  -DNDEBUG -std=c++11    -Wno-stringop-overread -MD -MT CMakeFiles/cmTC_5296c.dir/src.cxx.o -MF CMakeFiles/cmTC_5296c.dir/src.cxx.o.d -o CMakeFiles/cmTC_5296c.dir/src.cxx.o -c /home/andreas/MEGA/projects/set_check/SetFinderWeb/OpenCV.js/opencv-4.10.0/platforms/js/build_wasm/CMakeFiles/CMakeTmp/src.cxx
em++: warning: linker setting ignored during compilation: 'WASM' [-Wunused-command-line-argument]
em++: warning: linker setting ignored during compilation: 'SINGLE_FILE' [-Wunused-command-line-argument]
em++: warning: linker setting ignored during compilation: 'EXPORTED_FUNCTIONS' [-Wunused-command-line-argument]
warning: unknown warning option '-Wno-stringop-overread' [-Wunknown-warning-option]
/home/andreas/MEGA/projects/set_check/SetFinderWeb/OpenCV.js/opencv-4.10.0/platforms/js/build_wasm/CMakeFiles/CMakeTmp/src.cxx:1:8: warning: unknown pragma ignored [-Wunknown-pragmas]
    1 | #pragma
      |        ^
2 warnings generated.
Linking CXX executable cmTC_5296c.js
/usr/bin/cmake -E cmake_link_script CMakeFiles/cmTC_5296c.dir/link.txt --verbose=1
/home/andreas/MEGA/projects/set_check/SetFinderWeb/OpenCV.js/emsdk/upstream/emscripten/em++ -s WASM=1 -s SINGLE_FILE=1 -s USE_PTHREADS=0 -s EXPORTED_FUNCTIONS="['_malloc', '_free']"   -fsigned-char -W -Wall -Wreturn-type -Wnon-virtual-dtor -Waddress -Wsequence-point -Wformat -Wformat-security -Wstrict-prototypes -Winit-self -Wpointer-arith -Wuninitialized -Wno-delete-non-virtual-dtor -Wno-unnamed-type-template-args -Wno-comment -Wno-deprecated-enum-enum-conversion -Wno-deprecated-anon-enum-enum-conversion -fdiagnostics-show-option -Qunused-arguments -ffunction-sections -fdata-sections  -fvisibility=hidden -fvisibility-inlines-hidden -Wno-deprecated -Wno-missing-prototypes -Wno-missing-declarations -Wno-shadow -Wno-unused-parameter -Wno-unused-local-typedefs -Wno-sign-compare -Wno-sign-promo -Wno-undef -Wno-tautological-undefined-compare -Wno-ignored-qualifiers -Wno-extra -Wno-unused-function -Wno-unused-const-variable -Wno-shorten-64-to-32 -Wno-invalid-offsetof -Wno-enum-compare-switch -Wno-suggest-override -Wno-inconsistent-missing-override -Wno-implicit-fallthrough -Wno-array-bounds  -O3 -DNDEBUG  -DNDEBUG   -Wl,--gc-sections  @CMakeFiles/cmTC_5296c.dir/objects1.rsp -o cmTC_5296c.js 
gmake[1]: Forlader katalog "/home/andreas/MEGA/projects/set_check/SetFinderWeb/OpenCV.js/opencv-4.10.0/platforms/js/build_wasm/CMakeFiles/CMakeTmp"


===== END =====

